29549 gpu_timer.cc:114] Skipping the delay kernel, measurement accuracy will be reduced
W0000 00:00:1782215504.986608 3929549 gpu_timer.cc:114] Skipping the delay kernel, measurement accuracy will be reduced
W0000 00:00:1782215504.986706 3929549 gpu_timer.cc:114] Skipping the delay kernel, measurement accuracy will be reduced
W0000 00:00:1782215504.993304 3929549 gpu_timer.cc:114] Skipping the delay kernel, measurement accuracy will be reduced
W0000 00:00:1782215504.993464 3929549 gpu_timer.cc:114] Skipping the delay kernel, measurement accuracy will be reduced
W0000 00:00:1782215504.993600 3929549 gpu_timer.cc:114] Skipping the delay kernel, measurement accuracy will be reduced
W0000 00:00:1782215504.993731 3929549 gpu_timer.cc:114] Skipping the delay kernel, measurement accuracy will be reduced
W0000 00:00:1782215504.994107 3929549 gpu_timer.cc:114] Skipping the delay kernel, measurement accuracy will be reduced
W0000 00:00:1782215504.994280 3929549 gpu_timer.cc:114] Skipping the delay kernel, measurement accuracy will be reduced
W0000 00:00:1782215504.994827 3929549 gpu_timer.cc:114] Skipping the delay kernel, measurement accuracy will be reduced
W0000 00:00:1782215504.995225 3929549 gpu_timer.cc:114] Skipping the delay kernel, measurement accuracy will be reduced
k
4627/4627 - 176s - loss: 1.5454 - out_speaker_count_loss: 0.5314 - out_angle_loss: 0.5070 - out_speaker_count_accuracy: 0.8041 - out_angle_accuracy: 0.3469 - val_loss: 1.4509 - val_out_speaker_count_loss: 0.4009 - val_out_angle_loss: 0.5250 - val_out_speaker_count_accuracy: 0.8622 - val_out_angle_accuracy: 0.3587 - 176s/epoch - 38ms/step
Epoch 2/20
4627/4627 - 129s - loss: 0.9575 - out_speaker_count_loss: 0.4211 - out_angle_loss: 0.2682 - out_speaker_count_accuracy: 0.8552 - out_angle_accuracy: 0.4123 - val_loss: 1.4001 - val_out_speaker_count_loss: 0.3653 - val_out_angle_loss: 0.5174 - val_out_speaker_count_accuracy: 0.8799 - val_out_angle_accuracy: 0.3700 - 129s/epoch - 28ms/step
Epoch 3/20
4627/4627 - 119s - loss: 0.8379 - out_speaker_count_loss: 0.3907 - out_angle_loss: 0.2236 - out_speaker_count_accuracy: 0.8667 - out_angle_accuracy: 0.4269 - val_loss: 1.4472 - val_out_speaker_count_loss: 0.3367 - val_out_angle_loss: 0.5553 - val_out_speaker_count_accuracy: 0.8855 - val_out_angle_accuracy: 0.3775 - 119s/epoch - 26ms/step
Epoch 4/20
4627/4627 - 121s - loss: 0.7653 - out_speaker_count_loss: 0.3708 - out_angle_loss: 0.1973 - out_speaker_count_accuracy: 0.8746 - out_angle_accuracy: 0.4346 - val_loss: 1.4484 - val_out_speaker_count_loss: 0.3134 - val_out_angle_loss: 0.5675 - val_out_speaker_count_accuracy: 0.8911 - val_out_angle_accuracy: 0.3809 - 121s/epoch - 26ms/step
Epoch 5/20
4627/4627 - 119s - loss: 0.7193 - out_speaker_count_loss: 0.3598 - out_angle_loss: 0.1798 - out_speaker_count_accuracy: 0.8788 - out_angle_accuracy: 0.4403 - val_loss: 1.5240 - val_out_speaker_count_loss: 0.3315 - val_out_angle_loss: 0.5962 - val_out_speaker_count_accuracy: 0.8931 - val_out_angle_accuracy: 0.3815 - 119s/epoch - 26ms/step
Epoch 6/20
4627/4627 - 118s - loss: 0.6861 - out_speaker_count_loss: 0.3493 - out_angle_loss: 0.1684 - out_speaker_count_accuracy: 0.8821 - out_angle_accuracy: 0.4439 - val_loss: 1.5592 - val_out_speaker_count_loss: 0.3057 - val_out_angle_loss: 0.6268 - val_out_speaker_count_accuracy: 0.9009 - val_out_angle_accuracy: 0.3863 - 118s/epoch - 25ms/step
Epoch 7/20
4627/4627 - 116s - loss: 0.6602 - out_speaker_count_loss: 0.3427 - out_angle_loss: 0.1588 - out_speaker_count_accuracy: 0.8848 - out_angle_accuracy: 0.4466 - val_loss: 1.5492 - val_out_speaker_count_loss: 0.2972 - val_out_angle_loss: 0.6260 - val_out_speaker_count_accuracy: 0.9000 - val_out_angle_accuracy: 0.3862 - 116s/epoch - 25ms/step
Epoch 8/20
4627/4627 - 115s - loss: 0.6449 - out_speaker_count_loss: 0.3381 - out_angle_loss: 0.1534 - out_speaker_count_accuracy: 0.8865 - out_angle_accuracy: 0.4486 - val_loss: 1.4533 - val_out_speaker_count_loss: 0.2929 - val_out_angle_loss: 0.5802 - val_out_speaker_count_accuracy: 0.9025 - val_out_angle_accuracy: 0.3900 - 115s/epoch - 25ms/step
Epoch 9/20
4627/4627 - 116s - loss: 0.6273 - out_speaker_count_loss: 0.3328 - out_angle_loss: 0.1472 - out_speaker_count_accuracy: 0.8876 - out_angle_accuracy: 0.4498 - val_loss: 1.5085 - val_out_speaker_count_loss: 0.2877 - val_out_angle_loss: 0.6104 - val_out_speaker_count_accuracy: 0.9004 - val_out_angle_accuracy: 0.3902 - 116s/epoch - 25ms/step
Epoch 10/20
4627/4627 - 116s - loss: 0.6154 - out_speaker_count_loss: 0.3304 - out_angle_loss: 0.1425 - out_speaker_count_accuracy: 0.8885 - out_angle_accuracy: 0.4515 - val_loss: 1.5308 - val_out_speaker_count_loss: 0.2856 - val_out_angle_loss: 0.6226 - val_out_speaker_count_accuracy: 0.9002 - val_out_angle_accuracy: 0.3902 - 116s/epoch - 25ms/step
Epoch 11/20
4627/4627 - 125s - loss: 0.6002 - out_speaker_count_loss: 0.3260 - out_angle_loss: 0.1371 - out_speaker_count_accuracy: 0.8900 - out_angle_accuracy: 0.4533 - val_loss: 1.5732 - val_out_speaker_count_loss: 0.3092 - val_out_angle_loss: 0.6320 - val_out_speaker_count_accuracy: 0.9031 - val_out_angle_accuracy: 0.3917 - 125s/epoch - 27ms/step
Epoch 12/20
4627/4627 - 132s - loss: 0.5952 - out_speaker_count_loss: 0.3226 - out_angle_loss: 0.1363 - out_speaker_count_accuracy: 0.8908 - out_angle_accuracy: 0.4533 - val_loss: 1.5608 - val_out_speaker_count_loss: 0.2911 - val_out_angle_loss: 0.6348 - val_out_speaker_count_accuracy: 0.9066 - val_out_angle_accuracy: 0.3915 - 132s/epoch - 28ms/step
Epoch 13/20
4627/4627 - 131s - loss: 0.5872 - out_speaker_count_loss: 0.3189 - out_angle_loss: 0.1341 - out_speaker_count_accuracy: 0.8923 - out_angle_accuracy: 0.4536 - val_loss: 1.5565 - val_out_speaker_count_loss: 0.2802 - val_out_angle_loss: 0.6382 - val_out_speaker_count_accuracy: 0.9044 - val_out_angle_accuracy: 0.3917 - 131s/epoch - 28ms/step
Epoch 14/20
4627/4627 - 119s - loss: 0.5762 - out_speaker_count_loss: 0.3150 - out_angle_loss: 0.1306 - out_speaker_count_accuracy: 0.8936 - out_angle_accuracy: 0.4550 - val_loss: 1.5323 - val_out_speaker_count_loss: 0.2869 - val_out_angle_loss: 0.6227 - val_out_speaker_count_accuracy: 0.9050 - val_out_angle_accuracy: 0.3936 - 119s/epoch - 26ms/step
Epoch 15/20
4627/4627 - 120s - loss: 0.5659 - out_speaker_count_loss: 0.3127 - out_angle_loss: 0.1266 - out_speaker_count_accuracy: 0.8945 - out_angle_accuracy: 0.4563 - val_loss: 1.6164 - val_out_speaker_count_loss: 0.2766 - val_out_angle_loss: 0.6699 - val_out_speaker_count_accuracy: 0.9087 - val_out_angle_accuracy: 0.3940 - 120s/epoch - 26ms/step
Epoch 16/20
4627/4627 - 120s - loss: 0.5611 - out_speaker_count_loss: 0.3113 - out_angle_loss: 0.1249 - out_speaker_count_accuracy: 0.8959 - out_angle_accuracy: 0.4562 - val_loss: 1.5785 - val_out_speaker_count_loss: 0.2775 - val_out_angle_loss: 0.6505 - val_out_speaker_count_accuracy: 0.8998 - val_out_angle_accuracy: 0.3942 - 120s/epoch - 26ms/step
Epoch 17/20
4627/4627 - 117s - loss: 0.5523 - out_speaker_count_loss: 0.3085 - out_angle_loss: 0.1219 - out_speaker_count_accuracy: 0.8961 - out_angle_accuracy: 0.4572 - val_loss: 1.5816 - val_out_speaker_count_loss: 0.2766 - val_out_angle_loss: 0.6525 - val_out_speaker_count_accuracy: 0.9108 - val_out_angle_accuracy: 0.3946 - 117s/epoch - 25ms/step
Epoch 18/20
